[debug] [2024-02-14T19:33:13.156Z] ----------------------------------------------------------------------
[debug] [2024-02-14T19:33:13.158Z] Command:       C:\Program Files\nodejs\node.exe C:\Users\gande\AppData\Roaming\npm\node_modules\firebase-tools\lib\bin\firebase.js init
[debug] [2024-02-14T19:33:13.159Z] CLI Version:   13.2.1
[debug] [2024-02-14T19:33:13.159Z] Platform:      win32
[debug] [2024-02-14T19:33:13.159Z] Node Version:  v20.11.0
[debug] [2024-02-14T19:33:13.159Z] Time:          Thu Feb 15 2024 01:03:13 GMT+0530 (India Standard Time)
[debug] [2024-02-14T19:33:13.159Z] ----------------------------------------------------------------------
[debug] 
[debug] [2024-02-14T19:33:13.165Z] > command requires scopes: ["email","openid","https://www.googleapis.com/auth/cloudplatformprojects.readonly","https://www.googleapis.com/auth/firebase","https://www.googleapis.com/auth/cloud-platform"]
[debug] [2024-02-14T19:33:13.165Z] > authorizing via signed-in user (gandeharshith2003@gmail.com)
[info] 
     ######## #### ########  ######## ########     ###     ######  ########
     ##        ##  ##     ## ##       ##     ##  ##   ##  ##       ##
     ######    ##  ########  ######   ########  #########  ######  ######
     ##        ##  ##    ##  ##       ##     ## ##     ##       ## ##
     ##       #### ##     ## ######## ########  ##     ##  ######  ########

You're about to initialize a Firebase project in this directory:

  C:\Users\gande\react_native\react_upload_images\images

[info] 
=== Project Setup
[info] 
[info] First, let's associate this project directory with a Firebase project.
[info] You can create multiple project aliases by running firebase use --add, 
[info] but for now we'll just set up a default project.
[info] 
[debug] [2024-02-14T19:33:57.664Z] >>> [apiv2][query] GET https://firebase.googleapis.com/v1beta1/projects pageSize=100
[debug] [2024-02-14T19:33:59.020Z] <<< [apiv2][status] GET https://firebase.googleapis.com/v1beta1/projects 200
[debug] [2024-02-14T19:33:59.020Z] <<< [apiv2][body] GET https://firebase.googleapis.com/v1beta1/projects [omitted]
